2024-04-10 09:45:40,957 - Starting MD API calls...
2024-04-10 09:45:42,642 - API call successful for MD_COMP_INDICES_URL
2024-04-10 09:45:42,642 - Building NASDAQ_COMPOSITE_INDEX...
2024-04-10 09:45:42,647 - Trying SQL statements execution...
2024-04-10 09:45:42,651 - table dropped
2024-04-10 09:45:42,652 - table created
2024-04-10 09:45:42,652 - after query defenition
2024-04-10 09:45:42,653 - Done with MD_COMP_INDICES_URL
2024-04-10 09:45:44,172 - API call successful for MD_NYA_INDICES_URL
2024-04-10 09:45:44,172 - Building NYSE_COMPOSITE_INDEX...
2024-04-10 09:45:44,173 - Trying SQL statements execution...
2024-04-10 09:45:44,175 - table dropped
2024-04-10 09:45:44,175 - table created
2024-04-10 09:45:44,176 - after query defenition
2024-04-10 09:45:44,176 - Done with MD_NYA_INDICES_URL
2024-04-10 09:45:45,088 - API call successful for MD_SPX_INDICES_URL
2024-04-10 09:45:45,089 - Building SP_500_INDEX...
2024-04-10 09:45:45,091 - Trying SQL statements execution...
2024-04-10 09:45:45,094 - table dropped
2024-04-10 09:45:45,095 - table created
2024-04-10 09:45:45,096 - after query defenition
2024-04-10 09:45:45,097 - Done with MD_SPX_INDICES_URL
2024-04-10 09:45:46,428 - API call successful for MD_XAU_INDICES_URL
2024-04-10 09:45:46,428 - Building GOLD_SILVER_INDEX...
2024-04-10 09:45:46,429 - Trying SQL statements execution...
2024-04-10 09:45:46,431 - table dropped
2024-04-10 09:45:46,432 - table created
2024-04-10 09:45:46,432 - after query defenition
2024-04-10 09:45:46,433 - Done with MD_XAU_INDICES_URL
2024-04-10 09:45:48,970 - API call successful for MD_DJI_INDICES_URL
2024-04-10 09:45:48,970 - Building DOW_JONES_INDUSTRIAL_AVERAGE...
2024-04-10 09:45:48,972 - Trying SQL statements execution...
2024-04-10 09:45:48,974 - table dropped
2024-04-10 09:45:48,976 - table created
2024-04-10 09:45:48,976 - after query defenition
2024-04-10 09:45:48,977 - Done with MD_DJI_INDICES_URL
2024-04-10 09:45:48,981 - Building CONSUMER_ECON_VW
2024-04-10 09:45:48,983 - closing SQLite connection...
2024-04-10 09:45:48,983 - Done!
